    11>D:\projects\misis2023f-23-check\misis2024s-23-02-sergeev-d-n\prj.check\prj.check\doctest_bitset\doctest_bitset.cpp(3,10): error C1083: Не удается открыть файл включение: bitset/bitset.hpp: No such file or directory, [D:\projects\misis2023f-23-check\misis2024s-23-02-sergeev-d-n\build.check\prj.check\prj.check\doctest_bitset\doctest_bitset.vcxproj]
    17>D:\projects\misis2023f-23-check\misis2024s-23-02-sergeev-d-n\prj.check\prj.check\doctest_bitset\doctest_bitset_moveable.cpp(3,10): error C1083: Не удается открыть файл включение: bitset/bitset.hpp: No such file or directory, [D:\projects\misis2023f-23-check\misis2024s-23-02-sergeev-d-n\build.check\prj.check\prj.check\doctest_bitset\doctest_bitset_m.vcxproj]
    21>D:\projects\misis2023f-23-check\misis2024s-23-02-sergeev-d-n\prj.lab\queuearr\queuearr.cpp(5,1): error C2653: QueueArr: не является именем класса или пространства имен [D:\projects\misis2023f-23-check\misis2024s-23-02-sergeev-d-n\build.check\prj.lab\queuearr\queuearr.vcxproj]
    21>D:\projects\misis2023f-23-check\misis2024s-23-02-sergeev-d-n\prj.lab\queuearr\queuearr.cpp(5,23): error C4430: отсутствует спецификатор типа - предполагается int. Примечание. C++ не поддерживает int по умолчанию [D:\projects\misis2023f-23-check\misis2024s-23-02-sergeev-d-n\build.check\prj.lab\queuearr\queuearr.vcxproj]
    21>D:\projects\misis2023f-23-check\misis2024s-23-02-sergeev-d-n\prj.lab\queuearr\queuearr.cpp(6,11): error C2065: elements_ptr: необъявленный идентификатор [D:\projects\misis2023f-23-check\misis2024s-23-02-sergeev-d-n\build.check\prj.lab\queuearr\queuearr.vcxproj]
    21>D:\projects\misis2023f-23-check\misis2024s-23-02-sergeev-d-n\prj.lab\queuearr\queuearr.cpp(6,2): error C2541: delete: нельзя удалять объекты, не являющиеся указателями [D:\projects\misis2023f-23-check\misis2024s-23-02-sergeev-d-n\build.check\prj.lab\queuearr\queuearr.vcxproj]
    21>D:\projects\misis2023f-23-check\misis2024s-23-02-sergeev-d-n\prj.lab\queuearr\queuearr.cpp(9,1): error C2653: QueueArr: не является именем класса или пространства имен [D:\projects\misis2023f-23-check\misis2024s-23-02-sergeev-d-n\build.check\prj.lab\queuearr\queuearr.vcxproj]
    21>D:\projects\misis2023f-23-check\misis2024s-23-02-sergeev-d-n\prj.lab\queuearr\queuearr.cpp(9,31): error C4430: отсутствует спецификатор типа - предполагается int. Примечание. C++ не поддерживает int по умолчанию [D:\projects\misis2023f-23-check\misis2024s-23-02-sergeev-d-n\build.check\prj.lab\queuearr\queuearr.vcxproj]
    21>D:\projects\misis2023f-23-check\misis2024s-23-02-sergeev-d-n\prj.lab\queuearr\queuearr.cpp(11,1): error C2550: QueueArr: список инициализации конструктора должен использоваться только в месте определения конструктора [D:\projects\misis2023f-23-check\misis2024s-23-02-sergeev-d-n\build.check\prj.lab\queuearr\queuearr.vcxproj]
    21>D:\projects\misis2023f-23-check\misis2024s-23-02-sergeev-d-n\prj.lab\queuearr\queuearr.cpp(12,2): error C2065: elements_ptr: необъявленный идентификатор [D:\projects\misis2023f-23-check\misis2024s-23-02-sergeev-d-n\build.check\prj.lab\queuearr\queuearr.vcxproj]
    21>D:\projects\misis2023f-23-check\misis2024s-23-02-sergeev-d-n\prj.lab\queuearr\queuearr.cpp(12,29): error C2065: size: необъявленный идентификатор [D:\projects\misis2023f-23-check\misis2024s-23-02-sergeev-d-n\build.check\prj.lab\queuearr\queuearr.vcxproj]
    21>D:\projects\misis2023f-23-check\misis2024s-23-02-sergeev-d-n\prj.lab\queuearr\queuearr.cpp(15,9): error C2143: синтаксическая ошибка: отсутствие ";" перед "&" [D:\projects\misis2023f-23-check\misis2024s-23-02-sergeev-d-n\build.check\prj.lab\queuearr\queuearr.vcxproj]
    21>D:\projects\misis2023f-23-check\misis2024s-23-02-sergeev-d-n\prj.lab\queuearr\queuearr.cpp(15,9): error C4430: отсутствует спецификатор типа - предполагается int. Примечание. C++ не поддерживает int по умолчанию [D:\projects\misis2023f-23-check\misis2024s-23-02-sergeev-d-n\build.check\prj.lab\queuearr\queuearr.vcxproj]
    21>D:\projects\misis2023f-23-check\misis2024s-23-02-sergeev-d-n\prj.lab\queuearr\queuearr.cpp(15,1): error C2365: QueueArr: переопределение; предыдущим определением было "функция" [D:\projects\misis2023f-23-check\misis2024s-23-02-sergeev-d-n\build.check\prj.lab\queuearr\queuearr.vcxproj]
    21>D:\projects\misis2023f-23-check\misis2024s-23-02-sergeev-d-n\prj.lab\queuearr\queuearr.cpp(15,11): error C2653: QueueArr: не является именем класса или пространства имен [D:\projects\misis2023f-23-check\misis2024s-23-02-sergeev-d-n\build.check\prj.lab\queuearr\queuearr.vcxproj]
    21>D:\projects\misis2023f-23-check\misis2024s-23-02-sergeev-d-n\prj.lab\queuearr\queuearr.cpp(15,45): error C4430: отсутствует спецификатор типа - предполагается int. Примечание. C++ не поддерживает int по умолчанию [D:\projects\misis2023f-23-check\misis2024s-23-02-sergeev-d-n\build.check\prj.lab\queuearr\queuearr.vcxproj]
    21>D:\projects\misis2023f-23-check\misis2024s-23-02-sergeev-d-n\prj.lab\queuearr\queuearr.cpp(15,45): error C2143: синтаксическая ошибка: отсутствие "," перед "&" [D:\projects\misis2023f-23-check\misis2024s-23-02-sergeev-d-n\build.check\prj.lab\queuearr\queuearr.vcxproj]
    21>D:\projects\misis2023f-23-check\misis2024s-23-02-sergeev-d-n\prj.lab\queuearr\queuearr.cpp(15,56): error C4430: отсутствует спецификатор типа - предполагается int. Примечание. C++ не поддерживает int по умолчанию [D:\projects\misis2023f-23-check\misis2024s-23-02-sergeev-d-n\build.check\prj.lab\queuearr\queuearr.vcxproj]
    21>D:\projects\misis2023f-23-check\misis2024s-23-02-sergeev-d-n\prj.lab\queuearr\queuearr.cpp(15,56): error C2059: синтаксическая ошибка: { [D:\projects\misis2023f-23-check\misis2024s-23-02-sergeev-d-n\build.check\prj.lab\queuearr\queuearr.vcxproj]
    21>D:\projects\misis2023f-23-check\misis2024s-23-02-sergeev-d-n\prj.lab\queuearr\queuearr.cpp(15,56): error C2143: синтаксическая ошибка: отсутствие ";" перед "{" [D:\projects\misis2023f-23-check\misis2024s-23-02-sergeev-d-n\build.check\prj.lab\queuearr\queuearr.vcxproj]
    21>D:\projects\misis2023f-23-check\misis2024s-23-02-sergeev-d-n\prj.lab\queuearr\queuearr.cpp(15,56): error C2447: {: отсутствует заголовок функции (возможно, используется формальный список старого типа) [D:\projects\misis2023f-23-check\misis2024s-23-02-sergeev-d-n\build.check\prj.lab\queuearr\queuearr.vcxproj]
    21>D:\projects\misis2023f-23-check\misis2024s-23-02-sergeev-d-n\prj.lab\queuearr\queuearr.cpp(33,1): error C2653: QueueArr: не является именем класса или пространства имен [D:\projects\misis2023f-23-check\misis2024s-23-02-sergeev-d-n\build.check\prj.lab\queuearr\queuearr.vcxproj]
    21>D:\projects\misis2023f-23-check\misis2024s-23-02-sergeev-d-n\prj.lab\queuearr\queuearr.cpp(33,34): error C4430: отсутствует спецификатор типа - предполагается int. Примечание. C++ не поддерживает int по умолчанию [D:\projects\misis2023f-23-check\misis2024s-23-02-sergeev-d-n\build.check\prj.lab\queuearr\queuearr.vcxproj]
    21>D:\projects\misis2023f-23-check\misis2024s-23-02-sergeev-d-n\prj.lab\queuearr\queuearr.cpp(33,34): error C2143: синтаксическая ошибка: отсутствие "," перед "&" [D:\projects\misis2023f-23-check\misis2024s-23-02-sergeev-d-n\build.check\prj.lab\queuearr\queuearr.vcxproj]
    21>D:\projects\misis2023f-23-check\misis2024s-23-02-sergeev-d-n\prj.lab\queuearr\queuearr.cpp(33,45): error C4430: отсутствует спецификатор типа - предполагается int. Примечание. C++ не поддерживает int по умолчанию [D:\projects\misis2023f-23-check\misis2024s-23-02-sergeev-d-n\build.check\prj.lab\queuearr\queuearr.vcxproj]
    21>D:\projects\misis2023f-23-check\misis2024s-23-02-sergeev-d-n\prj.lab\queuearr\queuearr.cpp(33,11): error C2084: функция "int QueueArr(int)" уже имеет текст реализации [D:\projects\misis2023f-23-check\misis2024s-23-02-sergeev-d-n\build.check\prj.lab\queuearr\queuearr.vcxproj]
    21>D:\projects\misis2023f-23-check\misis2024s-23-02-sergeev-d-n\prj.lab\queuearr\queuearr.cpp(34,7): error C2065: another: необъявленный идентификатор [D:\projects\misis2023f-23-check\misis2024s-23-02-sergeev-d-n\build.check\prj.lab\queuearr\queuearr.vcxproj]
    21>D:\projects\misis2023f-23-check\misis2024s-23-02-sergeev-d-n\prj.lab\queuearr\queuearr.cpp(34,31): error C2065: another: необъявленный идентификатор [D:\projects\misis2023f-23-check\misis2024s-23-02-sergeev-d-n\build.check\prj.lab\queuearr\queuearr.vcxproj]
    21>D:\projects\misis2023f-23-check\misis2024s-23-02-sergeev-d-n\prj.lab\queuearr\queuearr.cpp(35,11): error C2065: another: необъявленный идентификатор [D:\projects\misis2023f-23-check\misis2024s-23-02-sergeev-d-n\build.check\prj.lab\queuearr\queuearr.vcxproj]
    21>D:\projects\misis2023f-23-check\misis2024s-23-02-sergeev-d-n\prj.lab\queuearr\queuearr.cpp(35,55): error C2065: size: необъявленный идентификатор [D:\projects\misis2023f-23-check\misis2024s-23-02-sergeev-d-n\build.check\prj.lab\queuearr\queuearr.vcxproj]
    21>D:\projects\misis2023f-23-check\misis2024s-23-02-sergeev-d-n\prj.lab\queuearr\queuearr.cpp(36,1): error C2550: QueueArr: список инициализации конструктора должен использоваться только в месте определения конструктора [D:\projects\misis2023f-23-check\misis2024s-23-02-sergeev-d-n\build.check\prj.lab\queuearr\queuearr.vcxproj]
    21>D:\projects\misis2023f-23-check\misis2024s-23-02-sergeev-d-n\prj.lab\queuearr\queuearr.cpp(37,20): error C2065: head_idx: необъявленный идентификатор [D:\projects\misis2023f-23-check\misis2024s-23-02-sergeev-d-n\build.check\prj.lab\queuearr\queuearr.vcxproj]
    21>D:\projects\misis2023f-23-check\misis2024s-23-02-sergeev-d-n\prj.lab\queuearr\queuearr.cpp(38,24): error C2065: tail_idx: необъявленный идентификатор [D:\projects\misis2023f-23-check\misis2024s-23-02-sergeev-d-n\build.check\prj.lab\queuearr\queuearr.vcxproj]
    21>D:\projects\misis2023f-23-check\misis2024s-23-02-sergeev-d-n\prj.lab\queuearr\queuearr.cpp(39,3): error C2065: elements_ptr: необъявленный идентификатор [D:\projects\misis2023f-23-check\misis2024s-23-02-sergeev-d-n\build.check\prj.lab\queuearr\queuearr.vcxproj]
    21>D:\projects\misis2023f-23-check\misis2024s-23-02-sergeev-d-n\prj.lab\queuearr\queuearr.cpp(39,31): error C2065: another: необъявленный идентификатор [D:\projects\misis2023f-23-check\misis2024s-23-02-sergeev-d-n\build.check\prj.lab\queuearr\queuearr.vcxproj]
    21>D:\projects\misis2023f-23-check\misis2024s-23-02-sergeev-d-n\prj.lab\queuearr\queuearr.cpp(40,37): error C2065: size: необъявленный идентификатор [D:\projects\misis2023f-23-check\misis2024s-23-02-sergeev-d-n\build.check\prj.lab\queuearr\queuearr.vcxproj]
    21>D:\projects\misis2023f-23-check\misis2024s-23-02-sergeev-d-n\prj.lab\queuearr\queuearr.cpp(44,6): error C2653: QueueArr: не является именем класса или пространства имен [D:\projects\misis2023f-23-check\misis2024s-23-02-sergeev-d-n\build.check\prj.lab\queuearr\queuearr.vcxproj]
    21>D:\projects\misis2023f-23-check\misis2024s-23-02-sergeev-d-n\prj.lab\queuearr\queuearr.cpp(45,22): error C2065: tail_idx: необъявленный идентификатор [D:\projects\misis2023f-23-check\misis2024s-23-02-sergeev-d-n\build.check\prj.lab\queuearr\queuearr.vcxproj]
    21>D:\projects\misis2023f-23-check\misis2024s-23-02-sergeev-d-n\prj.lab\queuearr\queuearr.cpp(45,38): error C2065: size: необъявленный идентификатор [D:\projects\misis2023f-23-check\misis2024s-23-02-sergeev-d-n\build.check\prj.lab\queuearr\queuearr.vcxproj]
    21>D:\projects\misis2023f-23-check\misis2024s-23-02-sergeev-d-n\prj.lab\queuearr\queuearr.cpp(46,22): error C2065: head_idx: необъявленный идентификатор [D:\projects\misis2023f-23-check\misis2024s-23-02-sergeev-d-n\build.check\prj.lab\queuearr\queuearr.vcxproj]
    21>D:\projects\misis2023f-23-check\misis2024s-23-02-sergeev-d-n\prj.lab\queuearr\queuearr.cpp(47,3): error C2065: elements_ptr: необъявленный идентификатор [D:\projects\misis2023f-23-check\misis2024s-23-02-sergeev-d-n\build.check\prj.lab\queuearr\queuearr.vcxproj]
    21>D:\projects\misis2023f-23-check\misis2024s-23-02-sergeev-d-n\prj.lab\queuearr\queuearr.cpp(47,16): error C2065: tail_idx: необъявленный идентификатор [D:\projects\misis2023f-23-check\misis2024s-23-02-sergeev-d-n\build.check\prj.lab\queuearr\queuearr.vcxproj]
    21>D:\projects\misis2023f-23-check\misis2024s-23-02-sergeev-d-n\prj.lab\queuearr\queuearr.cpp(48,3): error C2065: tail_idx: необъявленный идентификатор [D:\projects\misis2023f-23-check\misis2024s-23-02-sergeev-d-n\build.check\prj.lab\queuearr\queuearr.vcxproj]
    21>D:\projects\misis2023f-23-check\misis2024s-23-02-sergeev-d-n\prj.lab\queuearr\queuearr.cpp(53,18): error C2065: size: необъявленный идентификатор [D:\projects\misis2023f-23-check\misis2024s-23-02-sergeev-d-n\build.check\prj.lab\queuearr\queuearr.vcxproj]
    21>D:\projects\misis2023f-23-check\misis2024s-23-02-sergeev-d-n\prj.lab\queuearr\queuearr.cpp(57,21): error C2065: head_idx: необъявленный идентификатор [D:\projects\misis2023f-23-check\misis2024s-23-02-sergeev-d-n\build.check\prj.lab\queuearr\queuearr.vcxproj]
    21>D:\projects\misis2023f-23-check\misis2024s-23-02-sergeev-d-n\prj.lab\queuearr\queuearr.cpp(58,23): error C2065: size: необъявленный идентификатор [D:\projects\misis2023f-23-check\misis2024s-23-02-sergeev-d-n\build.check\prj.lab\queuearr\queuearr.vcxproj]
    21>D:\projects\misis2023f-23-check\misis2024s-23-02-sergeev-d-n\prj.lab\queuearr\queuearr.cpp(59,26): error C2065: elements_ptr: необъявленный идентификатор [D:\projects\misis2023f-23-check\misis2024s-23-02-sergeev-d-n\build.check\prj.lab\queuearr\queuearr.vcxproj]
    21>D:\projects\misis2023f-23-check\misis2024s-23-02-sergeev-d-n\prj.lab\queuearr\queuearr.cpp(60,38): error C2065: size: необъявленный идентификатор [D:\projects\misis2023f-23-check\misis2024s-23-02-sergeev-d-n\build.check\prj.lab\queuearr\queuearr.vcxproj]
    21>D:\projects\misis2023f-23-check\misis2024s-23-02-sergeev-d-n\prj.lab\queuearr\queuearr.cpp(63,12): error C2065: elements_ptr: необъявленный идентификатор [D:\projects\misis2023f-23-check\misis2024s-23-02-sergeev-d-n\build.check\prj.lab\queuearr\queuearr.vcxproj]
    21>D:\projects\misis2023f-23-check\misis2024s-23-02-sergeev-d-n\prj.lab\queuearr\queuearr.cpp(63,3): error C2541: delete: нельзя удалять объекты, не являющиеся указателями [D:\projects\misis2023f-23-check\misis2024s-23-02-sergeev-d-n\build.check\prj.lab\queuearr\queuearr.vcxproj]
    21>D:\projects\misis2023f-23-check\misis2024s-23-02-sergeev-d-n\prj.lab\queuearr\queuearr.cpp(64,3): error C2065: elements_ptr: необъявленный идентификатор [D:\projects\misis2023f-23-check\misis2024s-23-02-sergeev-d-n\build.check\prj.lab\queuearr\queuearr.vcxproj]
    21>D:\projects\misis2023f-23-check\misis2024s-23-02-sergeev-d-n\prj.lab\queuearr\queuearr.cpp(65,3): error C2065: size: необъявленный идентификатор [D:\projects\misis2023f-23-check\misis2024s-23-02-sergeev-d-n\build.check\prj.lab\queuearr\queuearr.vcxproj]
    21>D:\projects\misis2023f-23-check\misis2024s-23-02-sergeev-d-n\prj.lab\queuearr\queuearr.cpp(67,3): error C2065: head_idx: необъявленный идентификатор [D:\projects\misis2023f-23-check\misis2024s-23-02-sergeev-d-n\build.check\prj.lab\queuearr\queuearr.vcxproj]
    21>D:\projects\misis2023f-23-check\misis2024s-23-02-sergeev-d-n\prj.lab\queuearr\queuearr.cpp(68,3): error C2065: tail_idx: необъявленный идентификатор [D:\projects\misis2023f-23-check\misis2024s-23-02-sergeev-d-n\build.check\prj.lab\queuearr\queuearr.vcxproj]
    21>D:\projects\misis2023f-23-check\misis2024s-23-02-sergeev-d-n\prj.lab\queuearr\queuearr.cpp(68,14): error C2065: size: необъявленный идентификатор [D:\projects\misis2023f-23-check\misis2024s-23-02-sergeev-d-n\build.check\prj.lab\queuearr\queuearr.vcxproj]
    21>D:\projects\misis2023f-23-check\misis2024s-23-02-sergeev-d-n\prj.lab\queuearr\queuearr.cpp(70,3): error C2065: elements_ptr: необъявленный идентификатор [D:\projects\misis2023f-23-check\misis2024s-23-02-sergeev-d-n\build.check\prj.lab\queuearr\queuearr.vcxproj]
    21>D:\projects\misis2023f-23-check\misis2024s-23-02-sergeev-d-n\prj.lab\queuearr\queuearr.cpp(70,16): error C2065: tail_idx: необъявленный идентификатор [D:\projects\misis2023f-23-check\misis2024s-23-02-sergeev-d-n\build.check\prj.lab\queuearr\queuearr.vcxproj]
    21>D:\projects\misis2023f-23-check\misis2024s-23-02-sergeev-d-n\prj.lab\queuearr\queuearr.cpp(71,3): error C2065: tail_idx: необъявленный идентификатор [D:\projects\misis2023f-23-check\misis2024s-23-02-sergeev-d-n\build.check\prj.lab\queuearr\queuearr.vcxproj]
    21>D:\projects\misis2023f-23-check\misis2024s-23-02-sergeev-d-n\prj.lab\queuearr\queuearr.cpp(75,6): error C2653: QueueArr: не является именем класса или пространства имен [D:\projects\misis2023f-23-check\misis2024s-23-02-sergeev-d-n\build.check\prj.lab\queuearr\queuearr.vcxproj]
    21>D:\projects\misis2023f-23-check\misis2024s-23-02-sergeev-d-n\prj.lab\queuearr\queuearr.cpp(75,16): error C2270: IsEmpty: модификаторы недопустимы для функций, не являющихся членами [D:\projects\misis2023f-23-check\misis2024s-23-02-sergeev-d-n\build.check\prj.lab\queuearr\queuearr.vcxproj]
    21>D:\projects\misis2023f-23-check\misis2024s-23-02-sergeev-d-n\prj.lab\queuearr\queuearr.cpp(76,9): error C2065: head_idx: необъявленный идентификатор [D:\projects\misis2023f-23-check\misis2024s-23-02-sergeev-d-n\build.check\prj.lab\queuearr\queuearr.vcxproj]
    21>D:\projects\misis2023f-23-check\misis2024s-23-02-sergeev-d-n\prj.lab\queuearr\queuearr.cpp(79,5): error C2653: QueueArr: не является именем класса или пространства имен [D:\projects\misis2023f-23-check\misis2024s-23-02-sergeev-d-n\build.check\prj.lab\queuearr\queuearr.vcxproj]
    21>D:\projects\misis2023f-23-check\misis2024s-23-02-sergeev-d-n\prj.lab\queuearr\queuearr.cpp(79,15): error C2270: Size: модификаторы недопустимы для функций, не являющихся членами [D:\projects\misis2023f-23-check\misis2024s-23-02-sergeev-d-n\build.check\prj.lab\queuearr\queuearr.vcxproj]
    21>D:\projects\misis2023f-23-check\misis2024s-23-02-sergeev-d-n\prj.lab\queuearr\queuearr.cpp(80,6): error C2065: head_idx: необъявленный идентификатор [D:\projects\misis2023f-23-check\misis2024s-23-02-sergeev-d-n\build.check\prj.lab\queuearr\queuearr.vcxproj]
    21>D:\projects\misis2023f-23-check\misis2024s-23-02-sergeev-d-n\prj.lab\queuearr\queuearr.cpp(80,18): error C2065: tail_idx: необъявленный идентификатор [D:\projects\misis2023f-23-check\misis2024s-23-02-sergeev-d-n\build.check\prj.lab\queuearr\queuearr.vcxproj]
    21>D:\projects\misis2023f-23-check\misis2024s-23-02-sergeev-d-n\prj.lab\queuearr\queuearr.cpp(83,11): error C2065: tail_idx: необъявленный идентификатор [D:\projects\misis2023f-23-check\misis2024s-23-02-sergeev-d-n\build.check\prj.lab\queuearr\queuearr.vcxproj]
    21>D:\projects\misis2023f-23-check\misis2024s-23-02-sergeev-d-n\prj.lab\queuearr\queuearr.cpp(83,22): error C2065: head_idx: необъявленный идентификатор [D:\projects\misis2023f-23-check\misis2024s-23-02-sergeev-d-n\build.check\prj.lab\queuearr\queuearr.vcxproj]
    21>D:\projects\misis2023f-23-check\misis2024s-23-02-sergeev-d-n\prj.lab\queuearr\queuearr.cpp(84,10): error C2065: tail_idx: необъявленный идентификатор [D:\projects\misis2023f-23-check\misis2024s-23-02-sergeev-d-n\build.check\prj.lab\queuearr\queuearr.vcxproj]
    21>D:\projects\misis2023f-23-check\misis2024s-23-02-sergeev-d-n\prj.lab\queuearr\queuearr.cpp(84,21): error C2065: head_idx: необъявленный идентификатор [D:\projects\misis2023f-23-check\misis2024s-23-02-sergeev-d-n\build.check\prj.lab\queuearr\queuearr.vcxproj]
    21>D:\projects\misis2023f-23-check\misis2024s-23-02-sergeev-d-n\prj.lab\queuearr\queuearr.cpp(87,10): error C2065: size: необъявленный идентификатор [D:\projects\misis2023f-23-check\misis2024s-23-02-sergeev-d-n\build.check\prj.lab\queuearr\queuearr.vcxproj]
    21>D:\projects\misis2023f-23-check\misis2024s-23-02-sergeev-d-n\prj.lab\queuearr\queuearr.cpp(87,17): error C2065: head_idx: необъявленный идентификатор [D:\projects\misis2023f-23-check\misis2024s-23-02-sergeev-d-n\build.check\prj.lab\queuearr\queuearr.vcxproj]
    21>D:\projects\misis2023f-23-check\misis2024s-23-02-sergeev-d-n\prj.lab\queuearr\queuearr.cpp(87,28): error C2065: tail_idx: необъявленный идентификатор [D:\projects\misis2023f-23-check\misis2024s-23-02-sergeev-d-n\build.check\prj.lab\queuearr\queuearr.vcxproj]
    21>D:\projects\misis2023f-23-check\misis2024s-23-02-sergeev-d-n\prj.lab\queuearr\queuearr.cpp(91,10): error C2653: QueueArr: не является именем класса или пространства имен [D:\projects\misis2023f-23-check\misis2024s-23-02-sergeev-d-n\build.check\prj.lab\queuearr\queuearr.vcxproj]
    21>D:\projects\misis2023f-23-check\misis2024s-23-02-sergeev-d-n\prj.lab\queuearr\queuearr.cpp(91,20): error C2270: Top: модификаторы недопустимы для функций, не являющихся членами [D:\projects\misis2023f-23-check\misis2024s-23-02-sergeev-d-n\build.check\prj.lab\queuearr\queuearr.vcxproj]
    21>D:\projects\misis2023f-23-check\misis2024s-23-02-sergeev-d-n\prj.lab\queuearr\queuearr.cpp(95,9): error C2065: elements_ptr: необъявленный идентификатор [D:\projects\misis2023f-23-check\misis2024s-23-02-sergeev-d-n\build.check\prj.lab\queuearr\queuearr.vcxproj]
    21>D:\projects\misis2023f-23-check\misis2024s-23-02-sergeev-d-n\prj.lab\queuearr\queuearr.cpp(95,22): error C2065: head_idx: необъявленный идентификатор [D:\projects\misis2023f-23-check\misis2024s-23-02-sergeev-d-n\build.check\prj.lab\queuearr\queuearr.vcxproj]
    21>D:\projects\misis2023f-23-check\misis2024s-23-02-sergeev-d-n\prj.lab\queuearr\queuearr.cpp(98,6): error C2653: QueueArr: не является именем класса или пространства имен [D:\projects\misis2023f-23-check\misis2024s-23-02-sergeev-d-n\build.check\prj.lab\queuearr\queuearr.vcxproj]
    21>D:\projects\misis2023f-23-check\misis2024s-23-02-sergeev-d-n\prj.lab\queuearr\queuearr.cpp(100,3): error C2065: head_idx: необъявленный идентификатор [D:\projects\misis2023f-23-check\misis2024s-23-02-sergeev-d-n\build.check\prj.lab\queuearr\queuearr.vcxproj]
    21>D:\projects\misis2023f-23-check\misis2024s-23-02-sergeev-d-n\prj.lab\queuearr\queuearr.cpp(100,15): error C2065: head_idx: необъявленный идентификатор [D:\projects\misis2023f-23-check\misis2024s-23-02-sergeev-d-n\build.check\prj.lab\queuearr\queuearr.vcxproj]
    21>D:\projects\misis2023f-23-check\misis2024s-23-02-sergeev-d-n\prj.lab\queuearr\queuearr.cpp(100,31): error C2065: size: необъявленный идентификатор [D:\projects\misis2023f-23-check\misis2024s-23-02-sergeev-d-n\build.check\prj.lab\queuearr\queuearr.vcxproj]
     7>D:\projects\misis2023f-23-check\misis2024s-23-02-sergeev-d-n\prj.check\prj.check\doctest_queuelstpr\doctest_queuelstpr.cpp(34,11): error C2039: "Clear": не является членом "QueueLstPr". [D:\projects\misis2023f-23-check\misis2024s-23-02-sergeev-d-n\build.check\prj.check\prj.check\doctest_queuelstpr\doctest_queuelstpr.vcxproj]
    27>D:\projects\misis2023f-23-check\misis2024s-23-02-sergeev-d-n\prj.check\prj.check\doctest_stacklst\doctest_stacklst.cpp(25,11): error C2039: "Clear": не является членом "StackLst". [D:\projects\misis2023f-23-check\misis2024s-23-02-sergeev-d-n\build.check\prj.check\prj.check\doctest_stacklst\doctest_stacklst.vcxproj]
    24>D:\projects\misis2023f-23-check\misis2024s-23-02-sergeev-d-n\prj.check\prj.check\doctest_stackarr\doctest_stackarr.cpp(26,11): error C2039: "Clear": не является членом "StackArr". [D:\projects\misis2023f-23-check\misis2024s-23-02-sergeev-d-n\build.check\prj.check\prj.check\doctest_stackarr\doctest_stackarr.vcxproj]
    12>D:\projects\misis2023f-23-check\misis2024s-23-02-sergeev-d-n\prj.check\prj.check\doctest_queuelst\doctest_queuelst.cpp(25,11): error C2039: "Clear": не является членом "QueueLst". [D:\projects\misis2023f-23-check\misis2024s-23-02-sergeev-d-n\build.check\prj.check\prj.check\doctest_queuelst\doctest_queuelst.vcxproj]
